-source
1.6
-target
1.6
-classpath
/Users/pmehta1/.m2/repository/aopalliance/aopalliance/1.0/aopalliance-1.0.jar:/Users/pmehta1/.m2/repository/asm/asm/3.3.1/asm-3.3.1.jar:/Users/pmehta1/.m2/repository/cglib/cglib/2.2.2/cglib-2.2.2.jar:/Users/pmehta1/.m2/repository/com/yammer/metrics/metrics-annotation/2.1.2/metrics-annotation-2.1.2.jar:/Users/pmehta1/.m2/repository/com/yammer/metrics/metrics-core/2.1.2/metrics-core-2.1.2.jar:/Users/pmehta1/.m2/repository/commons-logging/commons-logging/1.1.1/commons-logging-1.1.1.jar:/Users/pmehta1/.m2/repository/log4j/log4j/1.2.17/log4j-1.2.17.jar:/Users/pmehta1/.m2/repository/org/aspectj/aspectjrt/1.7.0/aspectjrt-1.7.0.jar:/Users/pmehta1/.m2/repository/org/aspectj/aspectjtools/1.7.0/aspectjtools-1.7.0.jar:/Users/pmehta1/.m2/repository/org/aspectj/aspectjweaver/1.7.0/aspectjweaver-1.7.0.jar:/Users/pmehta1/.m2/repository/org/slf4j/slf4j-api/1.6.4/slf4j-api-1.6.4.jar:/Users/pmehta1/.m2/repository/org/springframework/spring-aop/3.1.2.RELEASE/spring-aop-3.1.2.RELEASE.jar:/Users/pmehta1/.m2/repository/org/springframework/spring-asm/3.1.2.RELEASE/spring-asm-3.1.2.RELEASE.jar:/Users/pmehta1/.m2/repository/org/springframework/spring-aspects/3.1.2.RELEASE/spring-aspects-3.1.2.RELEASE.jar:/Users/pmehta1/.m2/repository/org/springframework/spring-beans/3.1.2.RELEASE/spring-beans-3.1.2.RELEASE.jar:/Users/pmehta1/.m2/repository/org/springframework/spring-context/3.1.2.RELEASE/spring-context-3.1.2.RELEASE.jar:/Users/pmehta1/.m2/repository/org/springframework/spring-context-support/3.1.2.RELEASE/spring-context-support-3.1.2.RELEASE.jar:/Users/pmehta1/.m2/repository/org/springframework/spring-core/3.1.2.RELEASE/spring-core-3.1.2.RELEASE.jar:/Users/pmehta1/.m2/repository/org/springframework/spring-expression/3.1.2.RELEASE/spring-expression-3.1.2.RELEASE.jar:/Users/pmehta1/.m2/repository/org/springframework/spring-instrument/3.1.2.RELEASE/spring-instrument-3.1.2.RELEASE.jar:/Users/pmehta1/.m2/repository/org/springframework/spring-test/3.1.2.RELEASE/spring-test-3.1.2.RELEASE.jar:/Users/pmehta1/.m2/repository/org/springframework/spring-tx/3.1.2.RELEASE/spring-tx-3.1.2.RELEASE.jar:/Users/pmehta1/personal/spring-metrics/target/classes
-d
/Users/pmehta1/personal/spring-metrics/target/classes
/Users/pmehta1/personal/spring-metrics/src/main/java/com/springmetrics/proxy/CounterDynamicProxy.java
/Users/pmehta1/personal/spring-metrics/src/main/java/com/springmetrics/annotation/resolver/ExceptionCounterResolver.java
/Users/pmehta1/personal/spring-metrics/src/main/java/com/springmetrics/proxy/TimedDynamicProxy.java
/Users/pmehta1/personal/spring-metrics/src/main/java/com/springmetrics/proxy/Utils.java
/Users/pmehta1/personal/spring-metrics/src/main/java/com/springmetrics/annotation/Counter.java
/Users/pmehta1/personal/spring-metrics/src/main/java/com/springmetrics/annotation/resolver/BaseMetricsResolver.java
/Users/pmehta1/personal/spring-metrics/src/main/java/com/springmetrics/annotation/resolver/CounterResolver.java
/Users/pmehta1/personal/spring-metrics/src/main/java/com/springmetrics/aspectj/AnnotationCounterAspect.aj
/Users/pmehta1/personal/spring-metrics/src/main/java/com/springmetrics/factory/ExceptionCounterBeanPostProcessor.java
/Users/pmehta1/personal/spring-metrics/src/main/java/com/springmetrics/proxy/AbstractDynamicProxy.java
/Users/pmehta1/personal/spring-metrics/src/main/java/com/springmetrics/factory/TimedBeanPostProcessor.java
/Users/pmehta1/personal/spring-metrics/src/main/java/com/springmetrics/annotation/ExceptionCounter.java
/Users/pmehta1/personal/spring-metrics/src/main/java/com/springmetrics/annotation/resolver/TimerMetricsResolver.java
/Users/pmehta1/personal/spring-metrics/src/main/java/com/springmetrics/proxy/ExceptionCounterDynamicProxy.java
/Users/pmehta1/personal/spring-metrics/src/main/java/com/springmetrics/factory/AbstractBeanPostProcessor.java
/Users/pmehta1/personal/spring-metrics/src/main/java/com/springmetrics/factory/CounterBeanPostProcessor.java
/Users/pmehta1/personal/spring-metrics/src/main/java/com/springmetrics/aspectj/AnnotationExceptionCounterAspect.aj
/Users/pmehta1/personal/spring-metrics/src/main/java/com/springmetrics/aspectj/AnnotationTimedAspect.aj
